2023-01-19 12:33:20,910 - [INFO] - __main__ - (app.py).main_page(14) - Главная страница
2023-01-19 12:33:26,273 - [INFO] - __main__ - (app.py).search_page(22) - Страница поиска
2023-01-19 12:33:30,181 - [INFO] - __main__ - (app.py).main_page(14) - Главная страница
2023-01-19 12:33:38,935 - [INFO] - __main__ - (app.py).api_posts(29) - Загрузка данных
2023-01-19 12:33:52,676 - [INFO] - __main__ - (app.py).api_inform(36) - Загрузка поезда 50
2023-01-19 12:37:45,147 - [INFO] - app - (app.py).api_posts(29) - Загрузка данных
2023-01-19 12:37:45,166 - [INFO] - app - (app.py).api_inform(36) - Загрузка поезда 5
2023-01-19 12:38:49,505 - [INFO] - app - (app.py).api_posts(29) - Загрузка данных
2023-01-19 12:38:49,524 - [INFO] - app - (app.py).api_inform(36) - Загрузка поезда 5
2023-01-19 12:39:02,768 - [INFO] - app - (app.py).api_posts(29) - Загрузка данных
2023-01-19 12:39:02,785 - [INFO] - app - (app.py).api_inform(36) - Загрузка поезда 5
2023-01-19 12:39:26,467 - [INFO] - app - (app.py).api_posts(29) - Загрузка данных
2023-01-19 12:39:26,484 - [INFO] - app - (app.py).api_inform(36) - Загрузка поезда 5
2023-01-19 12:40:29,649 - [INFO] - app - (app.py).api_posts(29) - Загрузка данных
2023-01-19 12:40:29,652 - [INFO] - app - (app.py).api_inform(36) - Загрузка поезда 5
2023-01-19 12:58:39,842 - [INFO] - __main__ - (app.py).main_page(15) - Главная страница
2023-01-19 12:58:45,766 - [INFO] - __main__ - (app.py).search_page(24) - Поиск поезда 55
2023-01-19 12:58:47,713 - [INFO] - __main__ - (app.py).main_page(15) - Главная страница
2023-01-19 12:59:38,422 - [INFO] - __main__ - (app.py).main_page(15) - Главная страница
2023-01-19 13:00:52,782 - [INFO] - __main__ - (app.py).search_page(24) - Поиск поезда 33
2023-01-19 13:01:27,503 - [INFO] - __main__ - (app.py).main_page(15) - Главная страница
2023-01-19 13:01:30,112 - [INFO] - __main__ - (app.py).main_page(15) - Главная страница
2023-01-19 13:01:32,923 - [INFO] - __main__ - (app.py).search_page(24) - Поиск поезда 2
2023-01-19 13:01:34,531 - [INFO] - __main__ - (app.py).main_page(15) - Главная страница
2023-01-19 13:02:16,767 - [INFO] - app - (app.py).api_posts(32) - Загрузка данных JSON
2023-01-19 13:02:16,770 - [INFO] - app - (app.py).api_inform(40) - Загрузка JSON поезда 5
2023-01-19 13:12:28,102 - [INFO] - __main__ - (app.py).main_page(15) - Главная страница
2023-01-19 13:12:32,923 - [INFO] - __main__ - (app.py).search_page(24) - Поиск поезда или станции2
2023-01-19 13:12:56,233 - [INFO] - __main__ - (app.py).search_page(24) - Поиск поезда или станции2
2023-01-19 13:14:22,643 - [INFO] - __main__ - (app.py).main_page(15) - Главная страница
2023-01-19 13:14:25,352 - [INFO] - __main__ - (app.py).search_page(24) - Поиск поезда 3
2023-01-19 13:14:36,950 - [INFO] - __main__ - (app.py).main_page(15) - Главная страница
2023-01-19 13:15:12,999 - [INFO] - app - (app.py).api_posts(32) - Загрузка данных JSON
2023-01-19 13:15:13,002 - [INFO] - app - (app.py).api_inform(40) - Загрузка JSON поезда 5
